<?xml version="1.0" encoding="UTF-8"?>
<testsuite xmlns:xsi="http://www.w3.org/2001/XMLSchema-instance" xsi:noNamespaceSchemaLocation="https://maven.apache.org/surefire/maven-surefire-plugin/xsd/surefire-test-report.xsd" version="3.0.1" name="com.mycompany.app.ProgramTest" time="0.478" tests="21" errors="0" skipped="0" failures="0">
  <properties>
[...]
</properties>
  <testcase name="testCellsAreTicTacToeCells" classname="com.mycompany.app.ProgramTest" time="0.114"/>
  <testcase name="testMiniMaxWithOnePossibleMove" classname="com.mycompany.app.ProgramTest" time="0.003">
    <system-out><![CDATA[
minimax:   8(0) 
minimax best:   8(0) Steps counted: 0]]></system-out>
  </testcase>
  <testcase name="testEvaluateWinForPlayerX" classname="com.mycompany.app.ProgramTest" time="0.001"/>
  <testcase name="testCheckStateDraw" classname="com.mycompany.app.ProgramTest" time="0.002"/>
  <testcase name="testCheckStateOWin" classname="com.mycompany.app.ProgramTest" time="0.0"/>
  <testcase name="testCheckStateXWin" classname="com.mycompany.app.ProgramTest" time="0.0"/>
  <testcase name="testMinMaxWithEmptyBoard" classname="com.mycompany.app.ProgramTest" time="0.059">
    <system-out><![CDATA[
minimax:   1(0) 
minimax:   2(0) 
minimax:   3(0) 
minimax:   4(0) 
minimax:   5(0) 
minimax:   6(0) 
minimax:   7(0) 
minimax:   8(0) 
minimax:   9(0) 
minimax best:   5(0) Steps counted: 294777]]></system-out>
  </testcase>
  <testcase name="testMainExecutionNoCrash" classname="com.mycompany.app.ProgramTest" time="0.112"/>
  <testcase name="testCellClickSetsMarker" classname="com.mycompany.app.ProgramTest" time="0.147">
    <system-out><![CDATA[
minimax:   2(-100) 
minimax:   3(-100) 
minimax:   4(-100) 
minimax:   5(0) 
minimax:   6(-100) 
minimax:   7(-100) 
minimax:   8(-100) 
minimax:   9(-100) 
minimax best:   5(0) Steps counted: 31972]]></system-out>
  </testcase>
  <testcase name="testGenerateMoves" classname="com.mycompany.app.ProgramTest" time="0.001"/>
  <testcase name="testGenerateMovesNoMovesLeft" classname="com.mycompany.app.ProgramTest" time="0.0"/>
  <testcase name="testPanelInitialization" classname="com.mycompany.app.ProgramTest" time="0.001"/>
  <testcase name="testMinMoveAndMaxMoveReturnReasonableValues" classname="com.mycompany.app.ProgramTest" time="0.0"/>
  <testcase name="testCheckStateStillPlaying" classname="com.mycompany.app.ProgramTest" time="0.0"/>
  <testcase name="testInitialGameState" classname="com.mycompany.app.ProgramTest" time="0.001"/>
  <testcase name="testEvaluateWinForOpponent" classname="com.mycompany.app.ProgramTest" time="0.001"/>
  <testcase name="printMoveListTest" classname="com.mycompany.app.ProgramTest" time="0.002">
    <system-out><![CDATA[
4-7-9-
]]></system-out>
  </testcase>
  <testcase name="printIntegerArrayTest" classname="com.mycompany.app.ProgramTest" time="0.001">
    <system-out><![CDATA[
9-8-7-6-5-4-3-2-1-
]]></system-out>
  </testcase>
  <testcase name="printCharArrayTest" classname="com.mycompany.app.ProgramTest" time="0.001">
    <system-out><![CDATA[
O-X-O- -X- -X- -O-
]]></system-out>
  </testcase>
  <testcase name="testEvaluateDraw" classname="com.mycompany.app.ProgramTest" time="0.0"/>
  <testcase name="testMinimaxReturnsValidMove" classname="com.mycompany.app.ProgramTest" time="0.001">
    <system-out><![CDATA[
minimax:   4(100) 
minimax:   6(-100) 
minimax:   8(100) 
minimax:   9(-100) 
minimax best:   4(100) Steps counted: 16]]></system-out>
  </testcase>
</testsuite>