<?xml version="1.0" encoding="UTF-8"?>
<testsuite xmlns:xsi="http://www.w3.org/2001/XMLSchema-instance" xsi:noNamespaceSchemaLocation="https://maven.apache.org/surefire/maven-surefire-plugin/xsd/surefire-test-report.xsd" version="3.0.1" name="com.mycompany.app.ProgramTest" time="0.157" tests="13" errors="0" skipped="0" failures="0">
  <properties>
[...]
</properties>
  <testcase name="testCheckStateDraw" classname="com.mycompany.app.ProgramTest" time="0.026"/>
  <testcase name="testCheckStateOWin" classname="com.mycompany.app.ProgramTest" time="0.001"/>
  <testcase name="testCheckStateXWin" classname="com.mycompany.app.ProgramTest" time="0.0"/>
  <testcase name="testEvaluatePosition" classname="com.mycompany.app.ProgramTest" time="0.001"/>
  <testcase name="testTicTacToePanelCreation" classname="com.mycompany.app.ProgramTest" time="0.074"/>
  <testcase name="testCellInitializationAndMarkerSetting" classname="com.mycompany.app.ProgramTest" time="0.002"/>
  <testcase name="testCheckStatePlaying" classname="com.mycompany.app.ProgramTest" time="0.0"/>
  <testcase name="testGenerateAvailableMoves" classname="com.mycompany.app.ProgramTest" time="0.0"/>
  <testcase name="testGameInitialization" classname="com.mycompany.app.ProgramTest" time="0.001"/>
  <testcase name="testUtilityPrinting" classname="com.mycompany.app.ProgramTest" time="0.002"/>
  <testcase name="testMaxMove" classname="com.mycompany.app.ProgramTest" time="0.001"/>
  <testcase name="testMinMove" classname="com.mycompany.app.ProgramTest" time="0.001"/>
  <testcase name="testMiniMaxAlgorithm" classname="com.mycompany.app.ProgramTest" time="0.015">
    <system-out><![CDATA[
minimax:   2(-100) 
minimax:   6(0) 
minimax:   8(100) 
minimax best:   8(100) Steps counted: 5
minimax:   5(100) 
minimax:   6(-100) 
minimax:   8(-100) 
minimax:   9(-100) 
minimax best:   5(100) Steps counted: 23
minimax:   3(0) 
minimax:   6(100) 
minimax:   8(-100) 
minimax:   9(-100) 
minimax best:   6(100) Steps counted: 20
minimax:   2(-100) 
minimax:   4(-100) 
minimax:   6(-100) 
minimax:   8(-100) 
minimax best:   4(-100) Steps counted: 18
minimax:   2(-100) 
minimax:   3(-100) 
minimax:   4(-100) 
minimax:   5(0) 
minimax:   6(-100) 
minimax:   7(-100) 
minimax:   8(-100) 
minimax:   9(-100) 
minimax best:   5(0) Steps counted: 31972
minimax:   6(-100) 
minimax:   8(0) 
minimax best:   8(0) Steps counted: 2
minimax:   8(0) 
minimax:   9(0) 
minimax best:   8(0) Steps counted: 2
minimax:   3(0) 
minimax:   6(100) 
minimax:   8(-100) 
minimax:   9(-100) 
minimax best:   6(100) Steps counted: 20
minimax:   2(-100) 
minimax:   4(-100) 
minimax:   6(-100) 
minimax:   8(-100) 
minimax best:   6(-100) Steps counted: 18]]></system-out>
  </testcase>
</testsuite>