<?xml version="1.0" encoding="UTF-8"?>
<testsuite xmlns:xsi="http://www.w3.org/2001/XMLSchema-instance" xsi:noNamespaceSchemaLocation="https://maven.apache.org/surefire/maven-surefire-plugin/xsd/surefire-test-report.xsd" version="3.0.1" name="com.mycompany.app.GameTest" time="0.106" tests="7" errors="0" skipped="0" failures="0">
  <properties>
[...]
</properties>
  <testcase name="testCheckStateDraw" classname="com.mycompany.app.GameTest" time="0.016"/>
  <testcase name="testGenerateMoves" classname="com.mycompany.app.GameTest" time="0.013"/>
  <testcase name="testCheckStateOWins" classname="com.mycompany.app.GameTest" time="0.002"/>
  <testcase name="testCheckStateXWins" classname="com.mycompany.app.GameTest" time="0.004"/>
  <testcase name="testEvaluatePositionXWins" classname="com.mycompany.app.GameTest" time="0.003"/>
  <testcase name="testInitialBoardIsEmpty" classname="com.mycompany.app.GameTest" time="0.002"/>
  <testcase name="testMinMax" classname="com.mycompany.app.GameTest" time="0.049">
    <system-out><![CDATA[
minimax:   2(100) 
minimax:   3(100) 
minimax:   4(100) 
minimax:   5(100) 
minimax:   6(100) 
minimax:   7(100) 
minimax:   8(100) 
minimax:   9(100) 
minimax best:   4(100) Steps counted: 23824]]></system-out>
  </testcase>
</testsuite>