GROUP,PACKAGE,CLASS,INSTRUCTION_MISSED,INSTRUCTION_COVERED,BRANCH_MISSED,BRANCH_COVERED,LINE_MISSED,LINE_COVERED,COMPLEXITY_MISSED,COMPLEXITY_COVERED,METHOD_MISSED,METHOD_COVERED
tictactoe,org.example,State,0,27,0,0,0,1,0,1,0,1
tictactoe,org.example,TicTacToeCell,0,52,0,0,0,16,0,6,0,6
tictactoe,org.example,Game,8,575,9,101,0,94,8,54,0,7
tictactoe,org.example,Program,32,0,0,0,7,0,2,0,2,0
tictactoe,org.example,Player,0,3,0,0,0,1,0,1,0,1
tictactoe,org.example,Utility,3,73,0,6,1,15,1,6,1,3
tictactoe,org.example,TicTacToePanel,18,242,2,12,5,41,2,8,0,3
