<?xml version="1.0" encoding="UTF-8"?>
<testsuite xmlns:xsi="http://www.w3.org/2001/XMLSchema-instance" xsi:noNamespaceSchemaLocation="https://maven.apache.org/surefire/maven-surefire-plugin/xsd/surefire-test-report-3.0.xsd" version="3.0" name="GameTests" time="0.171" tests="10" errors="0" skipped="0" failures="0">
  <properties>
[...]
</properties>
  <testcase name="testCheckStateDraw" classname="GameTests" time="0.081"/>
  <testcase name="testCheckStateOWin" classname="GameTests" time="0.001"/>
  <testcase name="testCheckStateXWin" classname="GameTests" time="0.002"/>
  <testcase name="testCheckState" classname="GameTests" time="0.002"/>
  <testcase name="testState" classname="GameTests" time="0.002"/>
  <testcase name="testGenerateMoves" classname="GameTests" time="0.003"/>
  <testcase name="testEvaluatePositionDraw" classname="GameTests" time="0.001"/>
  <testcase name="testEvaluateSecondPlayerWin" classname="GameTests" time="0.001"/>
  <testcase name="testEvaluateFirstPlayerWin" classname="GameTests" time="0.002"/>
  <testcase name="testMinimax" classname="GameTests" time="0.006">
    <system-out><![CDATA[
minimax:   2(-100) 
minimax:   4(0) 
minimax:   5(0) 
minimax:   7(-100) 
minimax best:   4(0) Steps counted: 36]]></system-out>
  </testcase>
</testsuite>